<?xml version="1.0" encoding="UTF-8"?>
<!-- Generated by org.testng.reporters.JUnitReportReporter -->
<testsuite skipped="0" hostname="DESKTOP-5ASHKJ7" name="Firstpackage.NewTest" tests="1" failures="0" timestamp="13 Mar 2022 15:55:53 GMT" time="0.016" errors="0">
  <testcase name="f" time="0.016" classname="Firstpackage.NewTest"/>
</testsuite> <!-- Firstpackage.NewTest -->
