<?xml version="1.0" encoding="UTF-8"?>
<!-- Generated by org.testng.reporters.JUnitReportReporter -->
<testsuite skipped="0" hostname="DESKTOP-5ASHKJ7" name="Firstpackage.LoginTest" tests="3" failures="0" timestamp="13 Mar 2022 16:29:00 GMT" time="0.026" errors="0">
  <testcase name="TC3" time="0.003" classname="Firstpackage.LoginTest"/>
  <testcase name="TC2" time="0.016" classname="Firstpackage.LoginTest"/>
  <testcase name="TC1" time="0.007" classname="Firstpackage.LoginTest"/>
</testsuite> <!-- Firstpackage.LoginTest -->
